# JRE version: OpenJDK Runtime Environment (8.0_202-b03) (build 1.8.0_202-release-1483-b03)
# Java VM: OpenJDK 64-Bit Server VM (25.202-b03 mixed mode windows-amd64 compressed oops)
Heap:
 PSYoungGen      total 361472K, used 180709K [0x00000000e0000000, 0x00000000ff400000, 0x0000000100000000)
  eden space 225792K, 76% used [0x00000000e0000000,0x00000000ea986ab0,0x00000000edc80000)
  from space 135680K, 5% used [0x00000000edc80000,0x00000000ee3729c8,0x00000000f6100000)
  to   space 131584K, 0% used [0x00000000f7380000,0x00000000f7380000,0x00000000ff400000)
 ParOldGen       total 363520K, used 279251K [0x00000000a0000000, 0x00000000b6300000, 0x00000000e0000000)
  object space 363520K, 76% used [0x00000000a0000000,0x00000000b10b4d28,0x00000000b6300000)
 Metaspace       used 363788K, capacity 372314K, committed 372568K, reserved 1378304K
  class space    used 41613K, capacity 43568K, committed 43648K, reserved 1048576K
GC Heap History (10 events):
Event: 14004.661 GC heap before
{Heap before GC invocations=95 (full 8):
 PSYoungGen      total 352256K, used 194474K [0x00000000e0000000, 0x00000000ff880000, 0x0000000100000000)
  eden space 187904K, 100% used [0x00000000e0000000,0x00000000eb780000,0x00000000eb780000)
  from space 164352K, 3% used [0x00000000f5500000,0x00000000f5b6a9c8,0x00000000ff580000)
  to   space 161280K, 0% used [0x00000000eb780000,0x00000000eb780000,0x00000000f5500000)
 ParOldGen       total 363520K, used 256358K [0x00000000a0000000, 0x00000000b6300000, 0x00000000e0000000)
  object space 363520K, 70% used [0x00000000a0000000,0x00000000afa59af8,0x00000000b6300000)
 Metaspace       used 350379K, capacity 358674K, committed 359000K, reserved 1366016K
  class space    used 40151K, capacity 42048K, committed 42112K, reserved 1048576K
Event: 14004.697 GC heap after
Heap after GC invocations=95 (full 8):
 PSYoungGen      total 349184K, used 37494K [0x00000000e0000000, 0x00000000fea00000, 0x0000000100000000)
  eden space 187904K, 0% used [0x00000000e0000000,0x00000000e0000000,0x00000000eb780000)
  from space 161280K, 23% used [0x00000000eb780000,0x00000000edc1db08,0x00000000f5500000)
  to   space 151552K, 0% used [0x00000000f5600000,0x00000000f5600000,0x00000000fea00000)
 ParOldGen       total 363520K, used 262006K [0x00000000a0000000, 0x00000000b6300000, 0x00000000e0000000)
  object space 363520K, 72% used [0x00000000a0000000,0x00000000affddaf0,0x00000000b6300000)
 Metaspace       used 350379K, capacity 358674K, committed 359000K, reserved 1366016K
  class space    used 40151K, capacity 42048K, committed 42112K, reserved 1048576K
}
Event: 14007.451 GC heap before
{Heap before GC invocations=96 (full 8):
 PSYoungGen      total 349184K, used 225398K [0x00000000e0000000, 0x00000000fea00000, 0x0000000100000000)
  eden space 187904K, 100% used [0x00000000e0000000,0x00000000eb780000,0x00000000eb780000)
  from space 161280K, 23% used [0x00000000eb780000,0x00000000edc1db08,0x00000000f5500000)
  to   space 151552K, 0% used [0x00000000f5600000,0x00000000f5600000,0x00000000fea00000)
 ParOldGen       total 363520K, used 262006K [0x00000000a0000000, 0x00000000b6300000, 0x00000000e0000000)
  object space 363520K, 72% used [0x00000000a0000000,0x00000000affddaf0,0x00000000b6300000)
 Metaspace       used 350826K, capacity 359186K, committed 359384K, reserved 1366016K
  class space    used 40192K, capacity 42112K, committed 42240K, reserved 1048576K
Event: 14007.475 GC heap after
Heap after GC invocations=96 (full 8):
 PSYoungGen      total 353792K, used 6674K [0x00000000e0000000, 0x00000000fef80000, 0x0000000100000000)
  eden space 202240K, 0% used [0x00000000e0000000,0x00000000e0000000,0x00000000ec580000)
  from space 151552K, 4% used [0x00000000f5600000,0x00000000f5c84818,0x00000000fea00000)
  to   space 147968K, 0% used [0x00000000ec580000,0x00000000ec580000,0x00000000f5600000)
 ParOldGen       total 363520K, used 267819K [0x00000000a0000000, 0x00000000b6300000, 0x00000000e0000000)
  object space 363520K, 73% used [0x00000000a0000000,0x00000000b058aca0,0x00000000b6300000)
 Metaspace       used 350826K, capacity 359186K, committed 359384K, reserved 1366016K
  class space    used 40192K, capacity 42112K, committed 42240K, reserved 1048576K
}
Event: 15196.367 GC heap before
{Heap before GC invocations=97 (full 8):
 PSYoungGen      total 353792K, used 208914K [0x00000000e0000000, 0x00000000fef80000, 0x0000000100000000)
  eden space 202240K, 100% used [0x00000000e0000000,0x00000000ec580000,0x00000000ec580000)
  from space 151552K, 4% used [0x00000000f5600000,0x00000000f5c84818,0x00000000fea00000)
  to   space 147968K, 0% used [0x00000000ec580000,0x00000000ec580000,0x00000000f5600000)
 ParOldGen       total 363520K, used 267819K [0x00000000a0000000, 0x00000000b6300000, 0x00000000e0000000)
  object space 363520K, 73% used [0x00000000a0000000,0x00000000b058aca0,0x00000000b6300000)
 Metaspace       used 351005K, capacity 359486K, committed 359640K, reserved 1366016K
  class space    used 40207K, capacity 42152K, committed 42240K, reserved 1048576K
Event: 15196.399 GC heap after
Heap after GC invocations=97 (full 8):
 PSYoungGen      total 350208K, used 27627K [0x00000000e0000000, 0x00000000fed80000, 0x0000000100000000)
  eden space 202240K, 0% used [0x00000000e0000000,0x00000000e0000000,0x00000000ec580000)
  from space 147968K, 18% used [0x00000000ec580000,0x00000000ee07ad38,0x00000000f5600000)
  to   space 140288K, 0% used [0x00000000f6480000,0x00000000f6480000,0x00000000fed80000)
 ParOldGen       total 363520K, used 268156K [0x00000000a0000000, 0x00000000b6300000, 0x00000000e0000000)
  object space 363520K, 73% used [0x00000000a0000000,0x00000000b05df1b8,0x00000000b6300000)
 Metaspace       used 351005K, capacity 359486K, committed 359640K, reserved 1366016K
  class space    used 40207K, capacity 42152K, committed 42240K, reserved 1048576K
}
Event: 15200.764 GC heap before
{Heap before GC invocations=98 (full 8):
 PSYoungGen      total 350208K, used 229867K [0x00000000e0000000, 0x00000000fed80000, 0x0000000100000000)
  eden space 202240K, 100% used [0x00000000e0000000,0x00000000ec580000,0x00000000ec580000)
  from space 147968K, 18% used [0x00000000ec580000,0x00000000ee07ad38,0x00000000f5600000)
  to   space 140288K, 0% used [0x00000000f6480000,0x00000000f6480000,0x00000000fed80000)
 ParOldGen       total 363520K, used 268156K [0x00000000a0000000, 0x00000000b6300000, 0x00000000e0000000)
  object space 363520K, 73% used [0x00000000a0000000,0x00000000b05df1b8,0x00000000b6300000)
 Metaspace       used 357372K, capacity 365886K, committed 366168K, reserved 1372160K
  class space    used 40913K, capacity 42856K, committed 42880K, reserved 1048576K
Event: 15200.785 GC heap after
Heap after GC invocations=98 (full 8):
 PSYoungGen      total 357888K, used 7903K [0x00000000e0000000, 0x00000000fe580000, 0x0000000100000000)
  eden space 225792K, 0% used [0x00000000e0000000,0x00000000e0000000,0x00000000edc80000)
  from space 132096K, 5% used [0x00000000f6480000,0x00000000f6c37e30,0x00000000fe580000)
  to   space 135680K, 0% used [0x00000000edc80000,0x00000000edc80000,0x00000000f6100000)
 ParOldGen       total 363520K, used 277639K [0x00000000a0000000, 0x00000000b6300000, 0x00000000e0000000)
  object space 363520K, 76% used [0x00000000a0000000,0x00000000b0f21f00,0x00000000b6300000)
 Metaspace       used 357372K, capacity 365886K, committed 366168K, reserved 1372160K
  class space    used 40913K, capacity 42856K, committed 42880K, reserved 1048576K
}
Event: 15285.334 GC heap before
{Heap before GC invocations=99 (full 8):
 PSYoungGen      total 357888K, used 233695K [0x00000000e0000000, 0x00000000fe580000, 0x0000000100000000)
  eden space 225792K, 100% used [0x00000000e0000000,0x00000000edc80000,0x00000000edc80000)
  from space 132096K, 5% used [0x00000000f6480000,0x00000000f6c37e30,0x00000000fe580000)
  to   space 135680K, 0% used [0x00000000edc80000,0x00000000edc80000,0x00000000f6100000)
 ParOldGen       total 363520K, used 277639K [0x00000000a0000000, 0x00000000b6300000, 0x00000000e0000000)
  object space 363520K, 76% used [0x00000000a0000000,0x00000000b0f21f00,0x00000000b6300000)
 Metaspace       used 357466K, capacity 365966K, committed 366168K, reserved 1372160K
  class space    used 40913K, capacity 42856K, committed 42880K, reserved 1048576K
Event: 15285.357 GC heap after
Heap after GC invocations=99 (full 8):
 PSYoungGen      total 361472K, used 7114K [0x00000000e0000000, 0x00000000ff400000, 0x0000000100000000)
  eden space 225792K, 0% used [0x00000000e0000000,0x00000000e0000000,0x00000000edc80000)
  from space 135680K, 5% used [0x00000000edc80000,0x00000000ee3729c8,0x00000000f6100000)
  to   space 131584K, 0% used [0x00000000f7380000,0x00000000f7380000,0x00000000ff400000)
 ParOldGen       total 363520K, used 279251K [0x00000000a0000000, 0x00000000b6300000, 0x00000000e0000000)
  object space 363520K, 76% used [0x00000000a0000000,0x00000000b10b4d28,0x00000000b6300000)
 Metaspace       used 357466K, capacity 365966K, committed 366168K, reserved 1372160K
  class space    used 40913K, capacity 42856K, committed 42880K, reserved 1048576K
}

